0 info it worked if it ends with ok
1 verbose cli [ 'node', '/usr/local/bin/npm', 'install' ]
2 info using npm@3.6.0
3 info using node@v0.10.13
4 silly loadCurrentTree Starting
5 silly install loadCurrentTree
6 silly install readLocalPackageData
7 silly install normalizeTree
8 silly loadCurrentTree Finishing
9 silly loadIdealTree Starting
10 silly install loadIdealTree
11 silly cloneCurrentTree Starting
12 silly install cloneCurrentTreeToIdealTree
13 silly cloneCurrentTree Finishing
14 silly loadShrinkwrap Starting
15 silly install loadShrinkwrap
16 silly loadShrinkwrap Finishing
17 silly loadAllDepsIntoIdealTree Starting
18 silly install loadAllDepsIntoIdealTree
19 silly fetchNamedPackageData babel-brunch
20 silly mapToRegistry name babel-brunch
21 silly mapToRegistry using default registry
22 silly mapToRegistry registry https://registry.npmjs.org/
23 silly mapToRegistry uri https://registry.npmjs.org/babel-brunch
24 silly fetchNamedPackageData brunch
25 silly mapToRegistry name brunch
26 silly mapToRegistry using default registry
27 silly mapToRegistry registry https://registry.npmjs.org/
28 silly mapToRegistry uri https://registry.npmjs.org/brunch
29 silly fetchNamedPackageData clean-css-brunch
30 silly mapToRegistry name clean-css-brunch
31 silly mapToRegistry using default registry
32 silly mapToRegistry registry https://registry.npmjs.org/
33 silly mapToRegistry uri https://registry.npmjs.org/clean-css-brunch
34 silly fetchNamedPackageData css-brunch
35 silly mapToRegistry name css-brunch
36 silly mapToRegistry using default registry
37 silly mapToRegistry registry https://registry.npmjs.org/
38 silly mapToRegistry uri https://registry.npmjs.org/css-brunch
39 silly fetchNamedPackageData javascript-brunch
40 silly mapToRegistry name javascript-brunch
41 silly mapToRegistry using default registry
42 silly mapToRegistry registry https://registry.npmjs.org/
43 silly mapToRegistry uri https://registry.npmjs.org/javascript-brunch
44 silly fetchNamedPackageData uglify-js-brunch
45 silly mapToRegistry name uglify-js-brunch
46 silly mapToRegistry using default registry
47 silly mapToRegistry registry https://registry.npmjs.org/
48 silly mapToRegistry uri https://registry.npmjs.org/uglify-js-brunch
49 silly fetchOtherPackageData phoenix@file:deps/phoenix
50 silly cache add args [ 'phoenix@file:deps/phoenix', null ]
51 verbose cache add spec phoenix@file:deps/phoenix
52 silly fetchOtherPackageData phoenix_html@file:deps/phoenix_html
53 silly cache add args [ 'phoenix_html@file:deps/phoenix_html', null ]
54 verbose cache add spec phoenix_html@file:deps/phoenix_html
55 verbose request uri https://registry.npmjs.org/css-brunch
56 verbose request no auth needed
57 info attempt registry request try #1 at 19:26:06
58 verbose request id 014e10286a6cff8d
59 http request GET https://registry.npmjs.org/css-brunch
60 verbose request uri https://registry.npmjs.org/babel-brunch
61 verbose request no auth needed
62 info attempt registry request try #1 at 19:26:06
63 http request GET https://registry.npmjs.org/babel-brunch
64 verbose request uri https://registry.npmjs.org/javascript-brunch
65 verbose request no auth needed
66 info attempt registry request try #1 at 19:26:06
67 http request GET https://registry.npmjs.org/javascript-brunch
68 silly cache add parsed spec { raw: 'phoenix@file:deps/phoenix',
68 silly cache add   scope: null,
68 silly cache add   name: 'phoenix',
68 silly cache add   rawSpec: 'file:deps/phoenix',
68 silly cache add   spec: '/Users/tiagobarreto/github/simple-crud-phoenix/simple_crud_phoenix/deps/phoenix',
68 silly cache add   type: 'local' }
69 silly cache add parsed spec { raw: 'phoenix_html@file:deps/phoenix_html',
69 silly cache add   scope: null,
69 silly cache add   name: 'phoenix_html',
69 silly cache add   rawSpec: 'file:deps/phoenix_html',
69 silly cache add   spec: '/Users/tiagobarreto/github/simple-crud-phoenix/simple_crud_phoenix/deps/phoenix_html',
69 silly cache add   type: 'local' }
70 verbose request uri https://registry.npmjs.org/uglify-js-brunch
71 verbose request no auth needed
72 info attempt registry request try #1 at 19:26:06
73 http request GET https://registry.npmjs.org/uglify-js-brunch
74 verbose request uri https://registry.npmjs.org/brunch
75 verbose request no auth needed
76 info attempt registry request try #1 at 19:26:06
77 http request GET https://registry.npmjs.org/brunch
78 verbose request uri https://registry.npmjs.org/clean-css-brunch
79 verbose request no auth needed
80 info attempt registry request try #1 at 19:26:06
81 http request GET https://registry.npmjs.org/clean-css-brunch
82 error addLocal Could not install /Users/tiagobarreto/github/simple-crud-phoenix/simple_crud_phoenix/deps/phoenix
83 silly fetchPackageMetaData Error: ENOENT, open '/Users/tiagobarreto/github/simple-crud-phoenix/simple_crud_phoenix/deps/phoenix'
83 silly fetchPackageMetaData  error for phoenix@file:deps/phoenix { [Error: ENOENT, open '/Users/tiagobarreto/github/simple-crud-phoenix/simple_crud_phoenix/deps/phoenix']
83 silly fetchPackageMetaData   errno: 34,
83 silly fetchPackageMetaData   code: 'ENOENT',
83 silly fetchPackageMetaData   path: '/Users/tiagobarreto/github/simple-crud-phoenix/simple_crud_phoenix/deps/phoenix' }
84 error addLocal Could not install /Users/tiagobarreto/github/simple-crud-phoenix/simple_crud_phoenix/deps/phoenix_html
85 silly fetchPackageMetaData Error: ENOENT, open '/Users/tiagobarreto/github/simple-crud-phoenix/simple_crud_phoenix/deps/phoenix_html'
85 silly fetchPackageMetaData  error for phoenix_html@file:deps/phoenix_html { [Error: ENOENT, open '/Users/tiagobarreto/github/simple-crud-phoenix/simple_crud_phoenix/deps/phoenix_html']
85 silly fetchPackageMetaData   errno: 34,
85 silly fetchPackageMetaData   code: 'ENOENT',
85 silly fetchPackageMetaData   path: '/Users/tiagobarreto/github/simple-crud-phoenix/simple_crud_phoenix/deps/phoenix_html' }
86 http 200 https://registry.npmjs.org/babel-brunch
87 verbose headers { server: 'CouchDB/1.5.0 (Erlang OTP/R16B03)',
87 verbose headers   etag: '"6UDF2GRX43BIZTQ9772DRSL2T"',
87 verbose headers   'content-type': 'application/json',
87 verbose headers   'cache-control': 'max-age=300',
87 verbose headers   'content-length': '10242',
87 verbose headers   'accept-ranges': 'bytes',
87 verbose headers   date: 'Wed, 03 Feb 2016 21:26:07 GMT',
87 verbose headers   via: '1.1 varnish',
87 verbose headers   age: '0',
87 verbose headers   connection: 'keep-alive',
87 verbose headers   'x-served-by': 'cache-atl6231-ATL',
87 verbose headers   'x-cache': 'HIT',
87 verbose headers   'x-cache-hits': '1',
87 verbose headers   'x-timer': 'S1454534767.552816,VS0,VE106',
87 verbose headers   vary: 'Accept' }
88 silly get cb [ 200,
88 silly get   { server: 'CouchDB/1.5.0 (Erlang OTP/R16B03)',
88 silly get     etag: '"6UDF2GRX43BIZTQ9772DRSL2T"',
88 silly get     'content-type': 'application/json',
88 silly get     'cache-control': 'max-age=300',
88 silly get     'content-length': '10242',
88 silly get     'accept-ranges': 'bytes',
88 silly get     date: 'Wed, 03 Feb 2016 21:26:07 GMT',
88 silly get     via: '1.1 varnish',
88 silly get     age: '0',
88 silly get     connection: 'keep-alive',
88 silly get     'x-served-by': 'cache-atl6231-ATL',
88 silly get     'x-cache': 'HIT',
88 silly get     'x-cache-hits': '1',
88 silly get     'x-timer': 'S1454534767.552816,VS0,VE106',
88 silly get     vary: 'Accept' } ]
89 verbose get saving babel-brunch to /Users/tiagobarreto/.npm/registry.npmjs.org/babel-brunch/.cache.json
90 verbose correctMkdir /Users/tiagobarreto/.npm correctMkdir not in flight; initializing
91 http 200 https://registry.npmjs.org/css-brunch
92 verbose headers { server: 'CouchDB/1.5.0 (Erlang OTP/R16B03)',
92 verbose headers   etag: '"3MLMEF015LTF3ST910NBEPF6Z"',
92 verbose headers   'content-type': 'application/json',
92 verbose headers   'cache-control': 'max-age=300',
92 verbose headers   'content-length': '10863',
92 verbose headers   'accept-ranges': 'bytes',
92 verbose headers   date: 'Wed, 03 Feb 2016 21:26:07 GMT',
92 verbose headers   via: '1.1 varnish',
92 verbose headers   age: '0',
92 verbose headers   connection: 'keep-alive',
92 verbose headers   'x-served-by': 'cache-atl6224-ATL',
92 verbose headers   'x-cache': 'HIT',
92 verbose headers   'x-cache-hits': '1',
92 verbose headers   'x-timer': 'S1454534767.563895,VS0,VE88',
92 verbose headers   vary: 'Accept' }
93 silly get cb [ 200,
93 silly get   { server: 'CouchDB/1.5.0 (Erlang OTP/R16B03)',
93 silly get     etag: '"3MLMEF015LTF3ST910NBEPF6Z"',
93 silly get     'content-type': 'application/json',
93 silly get     'cache-control': 'max-age=300',
93 silly get     'content-length': '10863',
93 silly get     'accept-ranges': 'bytes',
93 silly get     date: 'Wed, 03 Feb 2016 21:26:07 GMT',
93 silly get     via: '1.1 varnish',
93 silly get     age: '0',
93 silly get     connection: 'keep-alive',
93 silly get     'x-served-by': 'cache-atl6224-ATL',
93 silly get     'x-cache': 'HIT',
93 silly get     'x-cache-hits': '1',
93 silly get     'x-timer': 'S1454534767.563895,VS0,VE88',
93 silly get     vary: 'Accept' } ]
94 verbose get saving css-brunch to /Users/tiagobarreto/.npm/registry.npmjs.org/css-brunch/.cache.json
95 verbose correctMkdir /Users/tiagobarreto/.npm correctMkdir already in flight; waiting
96 http 200 https://registry.npmjs.org/javascript-brunch
97 verbose headers { server: 'CouchDB/1.5.0 (Erlang OTP/R16B03)',
97 verbose headers   etag: '"29I869TOMAOKBX6F9X34ADN83"',
97 verbose headers   'content-type': 'application/json',
97 verbose headers   'cache-control': 'max-age=300',
97 verbose headers   'content-length': '13721',
97 verbose headers   'accept-ranges': 'bytes',
97 verbose headers   date: 'Wed, 03 Feb 2016 21:26:07 GMT',
97 verbose headers   via: '1.1 varnish',
97 verbose headers   age: '0',
97 verbose headers   connection: 'keep-alive',
97 verbose headers   'x-served-by': 'cache-atl6225-ATL',
97 verbose headers   'x-cache': 'HIT',
97 verbose headers   'x-cache-hits': '1',
97 verbose headers   'x-timer': 'S1454534767.561666,VS0,VE99',
97 verbose headers   vary: 'Accept' }
98 silly get cb [ 200,
98 silly get   { server: 'CouchDB/1.5.0 (Erlang OTP/R16B03)',
98 silly get     etag: '"29I869TOMAOKBX6F9X34ADN83"',
98 silly get     'content-type': 'application/json',
98 silly get     'cache-control': 'max-age=300',
98 silly get     'content-length': '13721',
98 silly get     'accept-ranges': 'bytes',
98 silly get     date: 'Wed, 03 Feb 2016 21:26:07 GMT',
98 silly get     via: '1.1 varnish',
98 silly get     age: '0',
98 silly get     connection: 'keep-alive',
98 silly get     'x-served-by': 'cache-atl6225-ATL',
98 silly get     'x-cache': 'HIT',
98 silly get     'x-cache-hits': '1',
98 silly get     'x-timer': 'S1454534767.561666,VS0,VE99',
98 silly get     vary: 'Accept' } ]
99 verbose get saving javascript-brunch to /Users/tiagobarreto/.npm/registry.npmjs.org/javascript-brunch/.cache.json
100 verbose correctMkdir /Users/tiagobarreto/.npm correctMkdir already in flight; waiting
101 http 200 https://registry.npmjs.org/uglify-js-brunch
102 verbose headers { server: 'CouchDB/1.5.0 (Erlang OTP/R16B03)',
102 verbose headers   etag: '"13FU9J8Y5W216UTLU2ZRS4T4M"',
102 verbose headers   'content-type': 'application/json',
102 verbose headers   'cache-control': 'max-age=300',
102 verbose headers   'content-length': '21492',
102 verbose headers   'accept-ranges': 'bytes',
102 verbose headers   date: 'Wed, 03 Feb 2016 21:26:07 GMT',
102 verbose headers   via: '1.1 varnish',
102 verbose headers   age: '0',
102 verbose headers   connection: 'keep-alive',
102 verbose headers   'x-served-by': 'cache-atl6222-ATL',
102 verbose headers   'x-cache': 'HIT',
102 verbose headers   'x-cache-hits': '1',
102 verbose headers   'x-timer': 'S1454534767.552969,VS0,VE116',
102 verbose headers   vary: 'Accept' }
103 silly get cb [ 200,
103 silly get   { server: 'CouchDB/1.5.0 (Erlang OTP/R16B03)',
103 silly get     etag: '"13FU9J8Y5W216UTLU2ZRS4T4M"',
103 silly get     'content-type': 'application/json',
103 silly get     'cache-control': 'max-age=300',
103 silly get     'content-length': '21492',
103 silly get     'accept-ranges': 'bytes',
103 silly get     date: 'Wed, 03 Feb 2016 21:26:07 GMT',
103 silly get     via: '1.1 varnish',
103 silly get     age: '0',
103 silly get     connection: 'keep-alive',
103 silly get     'x-served-by': 'cache-atl6222-ATL',
103 silly get     'x-cache': 'HIT',
103 silly get     'x-cache-hits': '1',
103 silly get     'x-timer': 'S1454534767.552969,VS0,VE116',
103 silly get     vary: 'Accept' } ]
104 verbose get saving uglify-js-brunch to /Users/tiagobarreto/.npm/registry.npmjs.org/uglify-js-brunch/.cache.json
105 verbose correctMkdir /Users/tiagobarreto/.npm correctMkdir already in flight; waiting
106 http 200 https://registry.npmjs.org/clean-css-brunch
107 verbose headers { server: 'CouchDB/1.5.0 (Erlang OTP/R16B03)',
107 verbose headers   etag: '"5MPZPCMAI74IWZRADCMJFIHZW"',
107 verbose headers   'content-type': 'application/json',
107 verbose headers   'cache-control': 'max-age=300',
107 verbose headers   'content-length': '16128',
107 verbose headers   'accept-ranges': 'bytes',
107 verbose headers   date: 'Wed, 03 Feb 2016 21:26:07 GMT',
107 verbose headers   via: '1.1 varnish',
107 verbose headers   age: '0',
107 verbose headers   connection: 'keep-alive',
107 verbose headers   'x-served-by': 'cache-atl6231-ATL',
107 verbose headers   'x-cache': 'MISS',
107 verbose headers   'x-cache-hits': '0',
107 verbose headers   'x-timer': 'S1454534767.804068,VS0,VE93',
107 verbose headers   vary: 'Accept' }
108 silly get cb [ 200,
108 silly get   { server: 'CouchDB/1.5.0 (Erlang OTP/R16B03)',
108 silly get     etag: '"5MPZPCMAI74IWZRADCMJFIHZW"',
108 silly get     'content-type': 'application/json',
108 silly get     'cache-control': 'max-age=300',
108 silly get     'content-length': '16128',
108 silly get     'accept-ranges': 'bytes',
108 silly get     date: 'Wed, 03 Feb 2016 21:26:07 GMT',
108 silly get     via: '1.1 varnish',
108 silly get     age: '0',
108 silly get     connection: 'keep-alive',
108 silly get     'x-served-by': 'cache-atl6231-ATL',
108 silly get     'x-cache': 'MISS',
108 silly get     'x-cache-hits': '0',
108 silly get     'x-timer': 'S1454534767.804068,VS0,VE93',
108 silly get     vary: 'Accept' } ]
109 verbose get saving clean-css-brunch to /Users/tiagobarreto/.npm/registry.npmjs.org/clean-css-brunch/.cache.json
110 verbose correctMkdir /Users/tiagobarreto/.npm correctMkdir already in flight; waiting
111 http 200 https://registry.npmjs.org/brunch
112 verbose headers { server: 'CouchDB/1.5.0 (Erlang OTP/R16B03)',
112 verbose headers   etag: '"E9EX7V6SQ505UJ29AWLU3ZP09"',
112 verbose headers   'content-type': 'application/json',
112 verbose headers   'cache-control': 'max-age=300',
112 verbose headers   'content-length': '192949',
112 verbose headers   'accept-ranges': 'bytes',
112 verbose headers   date: 'Wed, 03 Feb 2016 21:26:07 GMT',
112 verbose headers   via: '1.1 varnish',
112 verbose headers   age: '0',
112 verbose headers   connection: 'keep-alive',
112 verbose headers   'x-served-by': 'cache-atl6225-ATL',
112 verbose headers   'x-cache': 'HIT',
112 verbose headers   'x-cache-hits': '1',
112 verbose headers   'x-timer': 'S1454534767.549073,VS0,VE96',
112 verbose headers   vary: 'Accept' }
113 silly get cb [ 200,
113 silly get   { server: 'CouchDB/1.5.0 (Erlang OTP/R16B03)',
113 silly get     etag: '"E9EX7V6SQ505UJ29AWLU3ZP09"',
113 silly get     'content-type': 'application/json',
113 silly get     'cache-control': 'max-age=300',
113 silly get     'content-length': '192949',
113 silly get     'accept-ranges': 'bytes',
113 silly get     date: 'Wed, 03 Feb 2016 21:26:07 GMT',
113 silly get     via: '1.1 varnish',
113 silly get     age: '0',
113 silly get     connection: 'keep-alive',
113 silly get     'x-served-by': 'cache-atl6225-ATL',
113 silly get     'x-cache': 'HIT',
113 silly get     'x-cache-hits': '1',
113 silly get     'x-timer': 'S1454534767.549073,VS0,VE96',
113 silly get     vary: 'Accept' } ]
114 verbose get saving brunch to /Users/tiagobarreto/.npm/registry.npmjs.org/brunch/.cache.json
115 verbose correctMkdir /Users/tiagobarreto/.npm correctMkdir already in flight; waiting
116 silly resolveWithNewModule babel-brunch@6.0.0 checking installable status
117 silly cache add args [ 'babel-brunch@~6.0.0', null ]
118 verbose cache add spec babel-brunch@~6.0.0
119 silly cache add parsed spec { raw: 'babel-brunch@~6.0.0',
119 silly cache add   scope: null,
119 silly cache add   name: 'babel-brunch',
119 silly cache add   rawSpec: '~6.0.0',
119 silly cache add   spec: '>=6.0.0 <6.1.0',
119 silly cache add   type: 'range' }
120 silly addNamed babel-brunch@>=6.0.0 <6.1.0
121 verbose addNamed ">=6.0.0 <6.1.0" is a valid semver range for babel-brunch
122 silly addNameRange { name: 'babel-brunch', range: '>=6.0.0 <6.1.0', hasData: false }
123 silly mapToRegistry name babel-brunch
124 silly mapToRegistry using default registry
125 silly mapToRegistry registry https://registry.npmjs.org/
126 silly mapToRegistry uri https://registry.npmjs.org/babel-brunch
127 verbose addNameRange registry:https://registry.npmjs.org/babel-brunch not in flight; fetching
128 silly resolveWithNewModule css-brunch@1.7.0 checking installable status
129 silly cache add args [ 'css-brunch@~1.7.0', null ]
130 verbose cache add spec css-brunch@~1.7.0
131 silly cache add parsed spec { raw: 'css-brunch@~1.7.0',
131 silly cache add   scope: null,
131 silly cache add   name: 'css-brunch',
131 silly cache add   rawSpec: '~1.7.0',
131 silly cache add   spec: '>=1.7.0 <1.8.0',
131 silly cache add   type: 'range' }
132 silly addNamed css-brunch@>=1.7.0 <1.8.0
133 verbose addNamed ">=1.7.0 <1.8.0" is a valid semver range for css-brunch
134 silly addNameRange { name: 'css-brunch', range: '>=1.7.0 <1.8.0', hasData: false }
135 silly mapToRegistry name css-brunch
136 silly mapToRegistry using default registry
137 silly mapToRegistry registry https://registry.npmjs.org/
138 silly mapToRegistry uri https://registry.npmjs.org/css-brunch
139 verbose addNameRange registry:https://registry.npmjs.org/css-brunch not in flight; fetching
140 silly resolveWithNewModule javascript-brunch@1.8.0 checking installable status
141 silly cache add args [ 'javascript-brunch@~1.8.0', null ]
142 verbose cache add spec javascript-brunch@~1.8.0
143 silly cache add parsed spec { raw: 'javascript-brunch@~1.8.0',
143 silly cache add   scope: null,
143 silly cache add   name: 'javascript-brunch',
143 silly cache add   rawSpec: '~1.8.0',
143 silly cache add   spec: '>=1.8.0 <1.9.0',
143 silly cache add   type: 'range' }
144 silly addNamed javascript-brunch@>=1.8.0 <1.9.0
145 verbose addNamed ">=1.8.0 <1.9.0" is a valid semver range for javascript-brunch
146 silly addNameRange { name: 'javascript-brunch',
146 silly addNameRange   range: '>=1.8.0 <1.9.0',
146 silly addNameRange   hasData: false }
147 silly mapToRegistry name javascript-brunch
148 silly mapToRegistry using default registry
149 silly mapToRegistry registry https://registry.npmjs.org/
150 silly mapToRegistry uri https://registry.npmjs.org/javascript-brunch
151 verbose addNameRange registry:https://registry.npmjs.org/javascript-brunch not in flight; fetching
152 silly resolveWithNewModule uglify-js-brunch@1.7.8 checking installable status
153 silly cache add args [ 'uglify-js-brunch@~1.7.0', null ]
154 verbose cache add spec uglify-js-brunch@~1.7.0
155 silly cache add parsed spec { raw: 'uglify-js-brunch@~1.7.0',
155 silly cache add   scope: null,
155 silly cache add   name: 'uglify-js-brunch',
155 silly cache add   rawSpec: '~1.7.0',
155 silly cache add   spec: '>=1.7.0 <1.8.0',
155 silly cache add   type: 'range' }
156 silly addNamed uglify-js-brunch@>=1.7.0 <1.8.0
157 verbose addNamed ">=1.7.0 <1.8.0" is a valid semver range for uglify-js-brunch
158 silly addNameRange { name: 'uglify-js-brunch',
158 silly addNameRange   range: '>=1.7.0 <1.8.0',
158 silly addNameRange   hasData: false }
159 silly mapToRegistry name uglify-js-brunch
160 silly mapToRegistry using default registry
161 silly mapToRegistry registry https://registry.npmjs.org/
162 silly mapToRegistry uri https://registry.npmjs.org/uglify-js-brunch
163 verbose addNameRange registry:https://registry.npmjs.org/uglify-js-brunch not in flight; fetching
164 silly resolveWithNewModule clean-css-brunch@1.8.0 checking installable status
165 silly cache add args [ 'clean-css-brunch@~1.8.0', null ]
166 verbose cache add spec clean-css-brunch@~1.8.0
167 silly cache add parsed spec { raw: 'clean-css-brunch@~1.8.0',
167 silly cache add   scope: null,
167 silly cache add   name: 'clean-css-brunch',
167 silly cache add   rawSpec: '~1.8.0',
167 silly cache add   spec: '>=1.8.0 <1.9.0',
167 silly cache add   type: 'range' }
168 silly addNamed clean-css-brunch@>=1.8.0 <1.9.0
169 verbose addNamed ">=1.8.0 <1.9.0" is a valid semver range for clean-css-brunch
170 silly addNameRange { name: 'clean-css-brunch',
170 silly addNameRange   range: '>=1.8.0 <1.9.0',
170 silly addNameRange   hasData: false }
171 silly mapToRegistry name clean-css-brunch
172 silly mapToRegistry using default registry
173 silly mapToRegistry registry https://registry.npmjs.org/
174 silly mapToRegistry uri https://registry.npmjs.org/clean-css-brunch
175 verbose addNameRange registry:https://registry.npmjs.org/clean-css-brunch not in flight; fetching
176 silly resolveWithNewModule brunch@2.1.3 checking installable status
177 silly cache add args [ 'brunch@~2.1.3', null ]
178 verbose cache add spec brunch@~2.1.3
179 silly cache add parsed spec { raw: 'brunch@~2.1.3',
179 silly cache add   scope: null,
179 silly cache add   name: 'brunch',
179 silly cache add   rawSpec: '~2.1.3',
179 silly cache add   spec: '>=2.1.3 <2.2.0',
179 silly cache add   type: 'range' }
180 silly addNamed brunch@>=2.1.3 <2.2.0
181 verbose addNamed ">=2.1.3 <2.2.0" is a valid semver range for brunch
182 silly addNameRange { name: 'brunch', range: '>=2.1.3 <2.2.0', hasData: false }
183 silly mapToRegistry name brunch
184 silly mapToRegistry using default registry
185 silly mapToRegistry registry https://registry.npmjs.org/
186 silly mapToRegistry uri https://registry.npmjs.org/brunch
187 verbose addNameRange registry:https://registry.npmjs.org/brunch not in flight; fetching
188 verbose request uri https://registry.npmjs.org/babel-brunch
189 verbose request no auth needed
190 info attempt registry request try #1 at 19:26:09
191 http request GET https://registry.npmjs.org/babel-brunch
192 verbose request uri https://registry.npmjs.org/css-brunch
193 verbose request no auth needed
194 info attempt registry request try #1 at 19:26:09
195 http request GET https://registry.npmjs.org/css-brunch
196 verbose request uri https://registry.npmjs.org/javascript-brunch
197 verbose request no auth needed
198 info attempt registry request try #1 at 19:26:09
199 http request GET https://registry.npmjs.org/javascript-brunch
200 verbose request uri https://registry.npmjs.org/uglify-js-brunch
201 verbose request no auth needed
202 info attempt registry request try #1 at 19:26:09
203 http request GET https://registry.npmjs.org/uglify-js-brunch
204 verbose request uri https://registry.npmjs.org/clean-css-brunch
205 verbose request no auth needed
206 info attempt registry request try #1 at 19:26:09
207 http request GET https://registry.npmjs.org/clean-css-brunch
208 verbose request uri https://registry.npmjs.org/brunch
209 verbose request no auth needed
210 info attempt registry request try #1 at 19:26:09
211 http request GET https://registry.npmjs.org/brunch
212 http 200 https://registry.npmjs.org/babel-brunch
213 verbose headers { server: 'CouchDB/1.5.0 (Erlang OTP/R16B03)',
213 verbose headers   etag: '"6UDF2GRX43BIZTQ9772DRSL2T"',
213 verbose headers   'content-type': 'application/json',
213 verbose headers   'cache-control': 'max-age=300',
213 verbose headers   'content-length': '10242',
213 verbose headers   'accept-ranges': 'bytes',
213 verbose headers   date: 'Wed, 03 Feb 2016 21:26:10 GMT',
213 verbose headers   via: '1.1 varnish',
213 verbose headers   age: '3',
213 verbose headers   connection: 'keep-alive',
213 verbose headers   'x-served-by': 'cache-atl6224-ATL',
213 verbose headers   'x-cache': 'HIT',
213 verbose headers   'x-cache-hits': '1',
213 verbose headers   'x-timer': 'S1454534770.352009,VS0,VE0',
213 verbose headers   vary: 'Accept' }
214 silly get cb [ 200,
214 silly get   { server: 'CouchDB/1.5.0 (Erlang OTP/R16B03)',
214 silly get     etag: '"6UDF2GRX43BIZTQ9772DRSL2T"',
214 silly get     'content-type': 'application/json',
214 silly get     'cache-control': 'max-age=300',
214 silly get     'content-length': '10242',
214 silly get     'accept-ranges': 'bytes',
214 silly get     date: 'Wed, 03 Feb 2016 21:26:10 GMT',
214 silly get     via: '1.1 varnish',
214 silly get     age: '3',
214 silly get     connection: 'keep-alive',
214 silly get     'x-served-by': 'cache-atl6224-ATL',
214 silly get     'x-cache': 'HIT',
214 silly get     'x-cache-hits': '1',
214 silly get     'x-timer': 'S1454534770.352009,VS0,VE0',
214 silly get     vary: 'Accept' } ]
215 verbose get saving babel-brunch to /Users/tiagobarreto/.npm/registry.npmjs.org/babel-brunch/.cache.json
216 verbose correctMkdir /Users/tiagobarreto/.npm correctMkdir not in flight; initializing
217 silly addNameRange number 2 { name: 'babel-brunch', range: '>=6.0.0 <6.1.0', hasData: true }
218 silly addNameRange versions [ 'babel-brunch',
218 silly addNameRange   [ '4.0.0', '5.0.0', '5.0.1', '5.1.0', '5.1.1', '5.1.2', '6.0.0' ] ]
219 silly addNamed babel-brunch@6.0.0
220 verbose addNamed "6.0.0" is a plain semver version for babel-brunch
221 silly mapToRegistry name babel-brunch
222 silly mapToRegistry using default registry
223 silly mapToRegistry registry https://registry.npmjs.org/
224 silly mapToRegistry uri https://registry.npmjs.org/babel-brunch
225 verbose addRemoteTarball https://registry.npmjs.org/babel-brunch/-/babel-brunch-6.0.0.tgz not in flight; adding
226 verbose addRemoteTarball [ 'https://registry.npmjs.org/babel-brunch/-/babel-brunch-6.0.0.tgz',
226 verbose addRemoteTarball   '5f4f4a577c6a4ac46733b9daf3a71f872a6c493b' ]
227 info retry fetch attempt 1 at 19:26:10
228 info attempt registry request try #1 at 19:26:10
229 http fetch GET https://registry.npmjs.org/babel-brunch/-/babel-brunch-6.0.0.tgz
230 http 200 https://registry.npmjs.org/javascript-brunch
231 verbose headers { server: 'CouchDB/1.5.0 (Erlang OTP/R16B03)',
231 verbose headers   etag: '"29I869TOMAOKBX6F9X34ADN83"',
231 verbose headers   'content-type': 'application/json',
231 verbose headers   'cache-control': 'max-age=300',
231 verbose headers   'content-length': '13721',
231 verbose headers   'accept-ranges': 'bytes',
231 verbose headers   date: 'Wed, 03 Feb 2016 21:26:10 GMT',
231 verbose headers   via: '1.1 varnish',
231 verbose headers   age: '3',
231 verbose headers   connection: 'keep-alive',
231 verbose headers   'x-served-by': 'cache-atl6235-ATL',
231 verbose headers   'x-cache': 'HIT',
231 verbose headers   'x-cache-hits': '1',
231 verbose headers   'x-timer': 'S1454534770.357578,VS0,VE0',
231 verbose headers   vary: 'Accept' }
232 silly get cb [ 200,
232 silly get   { server: 'CouchDB/1.5.0 (Erlang OTP/R16B03)',
232 silly get     etag: '"29I869TOMAOKBX6F9X34ADN83"',
232 silly get     'content-type': 'application/json',
232 silly get     'cache-control': 'max-age=300',
232 silly get     'content-length': '13721',
232 silly get     'accept-ranges': 'bytes',
232 silly get     date: 'Wed, 03 Feb 2016 21:26:10 GMT',
232 silly get     via: '1.1 varnish',
232 silly get     age: '3',
232 silly get     connection: 'keep-alive',
232 silly get     'x-served-by': 'cache-atl6235-ATL',
232 silly get     'x-cache': 'HIT',
232 silly get     'x-cache-hits': '1',
232 silly get     'x-timer': 'S1454534770.357578,VS0,VE0',
232 silly get     vary: 'Accept' } ]
233 verbose get saving javascript-brunch to /Users/tiagobarreto/.npm/registry.npmjs.org/javascript-brunch/.cache.json
234 verbose correctMkdir /Users/tiagobarreto/.npm correctMkdir not in flight; initializing
235 silly addNameRange number 2 { name: 'javascript-brunch',
235 silly addNameRange   range: '>=1.8.0 <1.9.0',
235 silly addNameRange   hasData: true }
236 silly addNameRange versions [ 'javascript-brunch',
236 silly addNameRange   [ '1.0.0',
236 silly addNameRange     '1.1.0',
236 silly addNameRange     '1.1.1',
236 silly addNameRange     '1.3.0',
236 silly addNameRange     '1.5.0',
236 silly addNameRange     '1.5.1',
236 silly addNameRange     '1.6.0',
236 silly addNameRange     '1.7.0',
236 silly addNameRange     '1.7.1',
236 silly addNameRange     '1.8.0',
236 silly addNameRange     '2.0.0' ] ]
237 silly addNamed javascript-brunch@1.8.0
238 verbose addNamed "1.8.0" is a plain semver version for javascript-brunch
239 silly mapToRegistry name javascript-brunch
240 silly mapToRegistry using default registry
241 silly mapToRegistry registry https://registry.npmjs.org/
242 silly mapToRegistry uri https://registry.npmjs.org/javascript-brunch
243 verbose addRemoteTarball https://registry.npmjs.org/javascript-brunch/-/javascript-brunch-1.8.0.tgz not in flight; adding
244 verbose addRemoteTarball [ 'https://registry.npmjs.org/javascript-brunch/-/javascript-brunch-1.8.0.tgz',
244 verbose addRemoteTarball   '9d01b681f9e4f66bbe51cc1dbb70325ef3d831a5' ]
245 info retry fetch attempt 1 at 19:26:10
246 info attempt registry request try #1 at 19:26:10
247 http fetch GET https://registry.npmjs.org/javascript-brunch/-/javascript-brunch-1.8.0.tgz
248 http 200 https://registry.npmjs.org/css-brunch
249 verbose headers { server: 'CouchDB/1.5.0 (Erlang OTP/R16B03)',
249 verbose headers   etag: '"3MLMEF015LTF3ST910NBEPF6Z"',
249 verbose headers   'content-type': 'application/json',
249 verbose headers   'cache-control': 'max-age=300',
249 verbose headers   'content-length': '10863',
249 verbose headers   'accept-ranges': 'bytes',
249 verbose headers   date: 'Wed, 03 Feb 2016 21:26:10 GMT',
249 verbose headers   via: '1.1 varnish',
249 verbose headers   age: '3',
249 verbose headers   connection: 'keep-alive',
249 verbose headers   'x-served-by': 'cache-atl6234-ATL',
249 verbose headers   'x-cache': 'HIT',
249 verbose headers   'x-cache-hits': '1',
249 verbose headers   'x-timer': 'S1454534770.376621,VS0,VE0',
249 verbose headers   vary: 'Accept' }
250 silly get cb [ 200,
250 silly get   { server: 'CouchDB/1.5.0 (Erlang OTP/R16B03)',
250 silly get     etag: '"3MLMEF015LTF3ST910NBEPF6Z"',
250 silly get     'content-type': 'application/json',
250 silly get     'cache-control': 'max-age=300',
250 silly get     'content-length': '10863',
250 silly get     'accept-ranges': 'bytes',
250 silly get     date: 'Wed, 03 Feb 2016 21:26:10 GMT',
250 silly get     via: '1.1 varnish',
250 silly get     age: '3',
250 silly get     connection: 'keep-alive',
250 silly get     'x-served-by': 'cache-atl6234-ATL',
250 silly get     'x-cache': 'HIT',
250 silly get     'x-cache-hits': '1',
250 silly get     'x-timer': 'S1454534770.376621,VS0,VE0',
250 silly get     vary: 'Accept' } ]
251 verbose get saving css-brunch to /Users/tiagobarreto/.npm/registry.npmjs.org/css-brunch/.cache.json
252 verbose correctMkdir /Users/tiagobarreto/.npm correctMkdir not in flight; initializing
253 silly addNameRange number 2 { name: 'css-brunch', range: '>=1.7.0 <1.8.0', hasData: true }
254 silly addNameRange versions [ 'css-brunch',
254 silly addNameRange   [ '1.0.0',
254 silly addNameRange     '1.1.0',
254 silly addNameRange     '1.1.1',
254 silly addNameRange     '1.3.0',
254 silly addNameRange     '1.5.0',
254 silly addNameRange     '1.5.1',
254 silly addNameRange     '1.6.0',
254 silly addNameRange     '1.7.0',
254 silly addNameRange     '2.0.0' ] ]
255 silly addNamed css-brunch@1.7.0
256 verbose addNamed "1.7.0" is a plain semver version for css-brunch
257 silly mapToRegistry name css-brunch
258 silly mapToRegistry using default registry
259 silly mapToRegistry registry https://registry.npmjs.org/
260 silly mapToRegistry uri https://registry.npmjs.org/css-brunch
261 verbose addRemoteTarball https://registry.npmjs.org/css-brunch/-/css-brunch-1.7.0.tgz not in flight; adding
262 verbose addRemoteTarball [ 'https://registry.npmjs.org/css-brunch/-/css-brunch-1.7.0.tgz',
262 verbose addRemoteTarball   '258c1b038a970840af0c6a8e5582f614050294da' ]
263 info retry fetch attempt 1 at 19:26:10
264 info attempt registry request try #1 at 19:26:10
265 http fetch GET https://registry.npmjs.org/css-brunch/-/css-brunch-1.7.0.tgz
266 http 200 https://registry.npmjs.org/uglify-js-brunch
267 verbose headers { server: 'CouchDB/1.5.0 (Erlang OTP/R16B03)',
267 verbose headers   etag: '"13FU9J8Y5W216UTLU2ZRS4T4M"',
267 verbose headers   'content-type': 'application/json',
267 verbose headers   'cache-control': 'max-age=300',
267 verbose headers   'content-length': '21492',
267 verbose headers   'accept-ranges': 'bytes',
267 verbose headers   date: 'Wed, 03 Feb 2016 21:26:10 GMT',
267 verbose headers   via: '1.1 varnish',
267 verbose headers   age: '3',
267 verbose headers   connection: 'keep-alive',
267 verbose headers   'x-served-by': 'cache-atl6231-ATL',
267 verbose headers   'x-cache': 'HIT',
267 verbose headers   'x-cache-hits': '1',
267 verbose headers   'x-timer': 'S1454534770.358454,VS0,VE0',
267 verbose headers   vary: 'Accept' }
268 silly get cb [ 200,
268 silly get   { server: 'CouchDB/1.5.0 (Erlang OTP/R16B03)',
268 silly get     etag: '"13FU9J8Y5W216UTLU2ZRS4T4M"',
268 silly get     'content-type': 'application/json',
268 silly get     'cache-control': 'max-age=300',
268 silly get     'content-length': '21492',
268 silly get     'accept-ranges': 'bytes',
268 silly get     date: 'Wed, 03 Feb 2016 21:26:10 GMT',
268 silly get     via: '1.1 varnish',
268 silly get     age: '3',
268 silly get     connection: 'keep-alive',
268 silly get     'x-served-by': 'cache-atl6231-ATL',
268 silly get     'x-cache': 'HIT',
268 silly get     'x-cache-hits': '1',
268 silly get     'x-timer': 'S1454534770.358454,VS0,VE0',
268 silly get     vary: 'Accept' } ]
269 verbose get saving uglify-js-brunch to /Users/tiagobarreto/.npm/registry.npmjs.org/uglify-js-brunch/.cache.json
270 verbose correctMkdir /Users/tiagobarreto/.npm correctMkdir not in flight; initializing
271 silly addNameRange number 2 { name: 'uglify-js-brunch',
271 silly addNameRange   range: '>=1.7.0 <1.8.0',
271 silly addNameRange   hasData: true }
272 silly addNameRange versions [ 'uglify-js-brunch',
272 silly addNameRange   [ '1.0.0',
272 silly addNameRange     '1.1.0',
272 silly addNameRange     '1.1.1',
272 silly addNameRange     '1.3.0',
272 silly addNameRange     '1.3.1',
272 silly addNameRange     '1.5.0',
272 silly addNameRange     '1.5.1',
272 silly addNameRange     '1.7.0',
272 silly addNameRange     '1.7.1',
272 silly addNameRange     '1.7.2',
272 silly addNameRange     '1.7.3',
272 silly addNameRange     '1.7.4',
272 silly addNameRange     '1.7.5',
272 silly addNameRange     '1.7.6',
272 silly addNameRange     '1.7.7',
272 silly addNameRange     '1.7.8',
272 silly addNameRange     '2.0.0',
272 silly addNameRange     '2.0.1' ] ]
273 silly addNamed uglify-js-brunch@1.7.8
274 verbose addNamed "1.7.8" is a plain semver version for uglify-js-brunch
275 http 200 https://registry.npmjs.org/clean-css-brunch
276 verbose headers { server: 'CouchDB/1.5.0 (Erlang OTP/R16B03)',
276 verbose headers   etag: '"5MPZPCMAI74IWZRADCMJFIHZW"',
276 verbose headers   'content-type': 'application/json',
276 verbose headers   'cache-control': 'max-age=300',
276 verbose headers   'content-length': '16128',
276 verbose headers   'accept-ranges': 'bytes',
276 verbose headers   date: 'Wed, 03 Feb 2016 21:26:10 GMT',
276 verbose headers   via: '1.1 varnish',
276 verbose headers   age: '2',
276 verbose headers   connection: 'keep-alive',
276 verbose headers   'x-served-by': 'cache-atl6233-ATL',
276 verbose headers   'x-cache': 'HIT',
276 verbose headers   'x-cache-hits': '1',
276 verbose headers   'x-timer': 'S1454534770.358494,VS0,VE0',
276 verbose headers   vary: 'Accept' }
277 silly get cb [ 200,
277 silly get   { server: 'CouchDB/1.5.0 (Erlang OTP/R16B03)',
277 silly get     etag: '"5MPZPCMAI74IWZRADCMJFIHZW"',
277 silly get     'content-type': 'application/json',
277 silly get     'cache-control': 'max-age=300',
277 silly get     'content-length': '16128',
277 silly get     'accept-ranges': 'bytes',
277 silly get     date: 'Wed, 03 Feb 2016 21:26:10 GMT',
277 silly get     via: '1.1 varnish',
277 silly get     age: '2',
277 silly get     connection: 'keep-alive',
277 silly get     'x-served-by': 'cache-atl6233-ATL',
277 silly get     'x-cache': 'HIT',
277 silly get     'x-cache-hits': '1',
277 silly get     'x-timer': 'S1454534770.358494,VS0,VE0',
277 silly get     vary: 'Accept' } ]
278 verbose get saving clean-css-brunch to /Users/tiagobarreto/.npm/registry.npmjs.org/clean-css-brunch/.cache.json
279 verbose correctMkdir /Users/tiagobarreto/.npm correctMkdir not in flight; initializing
280 silly mapToRegistry name uglify-js-brunch
281 silly mapToRegistry using default registry
282 silly mapToRegistry registry https://registry.npmjs.org/
283 silly mapToRegistry uri https://registry.npmjs.org/uglify-js-brunch
284 verbose addRemoteTarball https://registry.npmjs.org/uglify-js-brunch/-/uglify-js-brunch-1.7.8.tgz not in flight; adding
285 verbose addRemoteTarball [ 'https://registry.npmjs.org/uglify-js-brunch/-/uglify-js-brunch-1.7.8.tgz',
285 verbose addRemoteTarball   'b36dffbcd19cfea27248d34797effef1ae9d3a62' ]
286 silly addNameRange number 2 { name: 'clean-css-brunch',
286 silly addNameRange   range: '>=1.8.0 <1.9.0',
286 silly addNameRange   hasData: true }
287 silly addNameRange versions [ 'clean-css-brunch',
287 silly addNameRange   [ '1.0.0',
287 silly addNameRange     '1.1.0',
287 silly addNameRange     '1.1.1',
287 silly addNameRange     '1.3.0',
287 silly addNameRange     '1.4.0',
287 silly addNameRange     '1.5.0',
287 silly addNameRange     '1.5.1',
287 silly addNameRange     '1.6.0',
287 silly addNameRange     '1.7.0',
287 silly addNameRange     '1.7.1',
287 silly addNameRange     '1.7.2',
287 silly addNameRange     '1.8.0',
287 silly addNameRange     '2.0.0' ] ]
288 silly addNamed clean-css-brunch@1.8.0
289 verbose addNamed "1.8.0" is a plain semver version for clean-css-brunch
290 silly mapToRegistry name clean-css-brunch
291 silly mapToRegistry using default registry
292 silly mapToRegistry registry https://registry.npmjs.org/
293 silly mapToRegistry uri https://registry.npmjs.org/clean-css-brunch
294 verbose addRemoteTarball https://registry.npmjs.org/clean-css-brunch/-/clean-css-brunch-1.8.0.tgz not in flight; adding
295 verbose addRemoteTarball [ 'https://registry.npmjs.org/clean-css-brunch/-/clean-css-brunch-1.8.0.tgz',
295 verbose addRemoteTarball   'efea5ac3e2a99d08155c6c14e1eef466757b0984' ]
296 info retry fetch attempt 1 at 19:26:10
297 info attempt registry request try #1 at 19:26:10
298 http fetch GET https://registry.npmjs.org/uglify-js-brunch/-/uglify-js-brunch-1.7.8.tgz
299 info retry fetch attempt 1 at 19:26:10
300 info attempt registry request try #1 at 19:26:10
301 http fetch GET https://registry.npmjs.org/clean-css-brunch/-/clean-css-brunch-1.8.0.tgz
302 http fetch 200 https://registry.npmjs.org/babel-brunch/-/babel-brunch-6.0.0.tgz
303 silly fetchAndShaCheck shasum 5f4f4a577c6a4ac46733b9daf3a71f872a6c493b
304 verbose addTmpTarball /var/folders/dh/y5jp1n_147ggyx4_z_q1fflr0000gn/T/npm-1731-360e015b/registry.npmjs.org/babel-brunch/-/babel-brunch-6.0.0.tgz not in flight; adding
305 verbose addTmpTarball already have metadata; skipping unpack for babel-brunch@6.0.0
306 verbose correctMkdir /Users/tiagobarreto/.npm correctMkdir not in flight; initializing
307 http fetch 200 https://registry.npmjs.org/javascript-brunch/-/javascript-brunch-1.8.0.tgz
308 silly fetchAndShaCheck shasum 9d01b681f9e4f66bbe51cc1dbb70325ef3d831a5
309 verbose addTmpTarball /var/folders/dh/y5jp1n_147ggyx4_z_q1fflr0000gn/T/npm-1731-360e015b/registry.npmjs.org/javascript-brunch/-/javascript-brunch-1.8.0.tgz not in flight; adding
310 verbose addTmpTarball already have metadata; skipping unpack for javascript-brunch@1.8.0
311 verbose correctMkdir /Users/tiagobarreto/.npm correctMkdir not in flight; initializing
312 http fetch 200 https://registry.npmjs.org/css-brunch/-/css-brunch-1.7.0.tgz
313 silly fetchAndShaCheck shasum 258c1b038a970840af0c6a8e5582f614050294da
314 verbose addTmpTarball /var/folders/dh/y5jp1n_147ggyx4_z_q1fflr0000gn/T/npm-1731-360e015b/registry.npmjs.org/css-brunch/-/css-brunch-1.7.0.tgz not in flight; adding
315 verbose addTmpTarball already have metadata; skipping unpack for css-brunch@1.7.0
316 verbose correctMkdir /Users/tiagobarreto/.npm correctMkdir not in flight; initializing
317 http fetch 200 https://registry.npmjs.org/clean-css-brunch/-/clean-css-brunch-1.8.0.tgz
318 silly fetchAndShaCheck shasum efea5ac3e2a99d08155c6c14e1eef466757b0984
319 verbose addTmpTarball /var/folders/dh/y5jp1n_147ggyx4_z_q1fflr0000gn/T/npm-1731-360e015b/registry.npmjs.org/clean-css-brunch/-/clean-css-brunch-1.8.0.tgz not in flight; adding
320 verbose addTmpTarball already have metadata; skipping unpack for clean-css-brunch@1.8.0
321 verbose correctMkdir /Users/tiagobarreto/.npm correctMkdir not in flight; initializing
322 http 200 https://registry.npmjs.org/brunch
323 verbose headers { server: 'CouchDB/1.5.0 (Erlang OTP/R16B03)',
323 verbose headers   etag: '"E9EX7V6SQ505UJ29AWLU3ZP09"',
323 verbose headers   'content-type': 'application/json',
323 verbose headers   'cache-control': 'max-age=300',
323 verbose headers   'content-length': '192949',
323 verbose headers   'accept-ranges': 'bytes',
323 verbose headers   date: 'Wed, 03 Feb 2016 21:26:10 GMT',
323 verbose headers   via: '1.1 varnish',
323 verbose headers   age: '3',
323 verbose headers   connection: 'keep-alive',
323 verbose headers   'x-served-by': 'cache-atl6224-ATL',
323 verbose headers   'x-cache': 'HIT',
323 verbose headers   'x-cache-hits': '1',
323 verbose headers   'x-timer': 'S1454534770.489726,VS0,VE0',
323 verbose headers   vary: 'Accept' }
324 silly get cb [ 200,
324 silly get   { server: 'CouchDB/1.5.0 (Erlang OTP/R16B03)',
324 silly get     etag: '"E9EX7V6SQ505UJ29AWLU3ZP09"',
324 silly get     'content-type': 'application/json',
324 silly get     'cache-control': 'max-age=300',
324 silly get     'content-length': '192949',
324 silly get     'accept-ranges': 'bytes',
324 silly get     date: 'Wed, 03 Feb 2016 21:26:10 GMT',
324 silly get     via: '1.1 varnish',
324 silly get     age: '3',
324 silly get     connection: 'keep-alive',
324 silly get     'x-served-by': 'cache-atl6224-ATL',
324 silly get     'x-cache': 'HIT',
324 silly get     'x-cache-hits': '1',
324 silly get     'x-timer': 'S1454534770.489726,VS0,VE0',
324 silly get     vary: 'Accept' } ]
325 verbose get saving brunch to /Users/tiagobarreto/.npm/registry.npmjs.org/brunch/.cache.json
326 verbose correctMkdir /Users/tiagobarreto/.npm correctMkdir not in flight; initializing
327 silly addNameRange number 2 { name: 'brunch', range: '>=2.1.3 <2.2.0', hasData: true }
328 silly addNameRange versions [ 'brunch',
328 silly addNameRange   [ '0.0.1',
328 silly addNameRange     '0.0.2',
328 silly addNameRange     '0.0.3',
328 silly addNameRange     '0.0.4',
328 silly addNameRange     '0.0.5',
328 silly addNameRange     '0.0.6',
328 silly addNameRange     '0.0.7',
328 silly addNameRange     '0.0.8',
328 silly addNameRange     '0.1.0',
328 silly addNameRange     '0.1.1',
328 silly addNameRange     '0.1.3',
328 silly addNameRange     '0.1.4',
328 silly addNameRange     '0.1.5',
328 silly addNameRange     '0.1.6',
328 silly addNameRange     '0.1.7',
328 silly addNameRange     '0.1.8',
328 silly addNameRange     '0.1.9',
328 silly addNameRange     '0.2.0',
328 silly addNameRange     '0.2.1',
328 silly addNameRange     '0.2.2',
328 silly addNameRange     '0.2.3',
328 silly addNameRange     '0.2.4',
328 silly addNameRange     '0.2.6',
328 silly addNameRange     '0.2.7',
328 silly addNameRange     '0.2.8',
328 silly addNameRange     '0.3.0',
328 silly addNameRange     '0.3.1',
328 silly addNameRange     '0.3.2',
328 silly addNameRange     '0.3.4',
328 silly addNameRange     '0.3.5',
328 silly addNameRange     '0.3.6',
328 silly addNameRange     '0.3.7',
328 silly addNameRange     '0.4.0',
328 silly addNameRange     '0.4.1',
328 silly addNameRange     '0.4.2',
328 silly addNameRange     '0.4.3',
328 silly addNameRange     '0.4.4',
328 silly addNameRange     '0.4.5',
328 silly addNameRange     '0.5.1',
328 silly addNameRange     '0.5.2',
328 silly addNameRange     '0.5.3',
328 silly addNameRange     '0.5.4',
328 silly addNameRange     '0.5.5',
328 silly addNameRange     '0.5.6',
328 silly addNameRange     '0.6.0',
328 silly addNameRange     '0.6.1',
328 silly addNameRange     '0.6.2',
328 silly addNameRange     '0.7.0',
328 silly addNameRange     '0.7.1',
328 silly addNameRange     '0.7.2',
328 silly addNameRange     '0.7.3',
328 silly addNameRange     '0.7.4',
328 silly addNameRange     '0.8.0',
328 silly addNameRange     '0.8.1',
328 silly addNameRange     '0.9.0-beta1',
328 silly addNameRange     '0.9.0',
328 silly addNameRange     '0.9.1',
328 silly addNameRange     '1.0.0',
328 silly addNameRange     '1.0.1',
328 silly addNameRange     '1.0.2',
328 silly addNameRange     '1.0.3',
328 silly addNameRange     '1.1.0',
328 silly addNameRange     '1.1.1',
328 silly addNameRange     '1.1.2',
328 silly addNameRange     '1.2.0',
328 silly addNameRange     '1.2.1',
328 silly addNameRange     '1.2.2',
328 silly addNameRange     '1.3.0',
328 silly addNameRange     '1.3.1',
328 silly addNameRange     '1.3.2',
328 silly addNameRange     '1.3.3',
328 silly addNameRange     '1.3.4',
328 silly addNameRange     '1.4.0',
328 silly addNameRange     '1.4.1',
328 silly addNameRange     '1.4.2',
328 silly addNameRange     '1.4.3',
328 silly addNameRange     '1.4.4',
328 silly addNameRange     '1.4.5',
328 silly addNameRange     '1.5.0',
328 silly addNameRange     '1.5.1',
328 silly addNameRange     '1.5.2',
328 silly addNameRange     '1.5.3',
328 silly addNameRange     '1.5.4',
328 silly addNameRange     '1.6.0',
328 silly addNameRange     '1.6.1',
328 silly addNameRange     '1.6.2',
328 silly addNameRange     '1.6.3',
328 silly addNameRange     '1.6.4',
328 silly addNameRange     '1.6.5',
328 silly addNameRange     '1.6.6',
328 silly addNameRange     '1.6.7',
328 silly addNameRange     '1.7.0',
328 silly addNameRange     '1.7.1',
328 silly addNameRange     '1.7.2',
328 silly addNameRange     '1.7.3',
328 silly addNameRange     '1.7.4',
328 silly addNameRange     '1.7.5',
328 silly addNameRange     '1.7.6',
328 silly addNameRange     '1.7.7',
328 silly addNameRange     '1.7.8',
328 silly addNameRange     '1.7.9',
328 silly addNameRange     '1.7.10',
328 silly addNameRange     '1.7.12',
328 silly addNameRange     '1.7.13',
328 silly addNameRange     '1.7.14',
328 silly addNameRange     '1.7.15',
328 silly addNameRange     '1.7.16',
328 silly addNameRange     '1.7.17',
328 silly addNameRange     '1.7.18',
328 silly addNameRange     '1.7.19',
328 silly addNameRange     '1.7.20',
328 silly addNameRange     '1.8.0',
328 silly addNameRange     '1.8.1',
328 silly addNameRange     '1.8.2',
328 silly addNameRange     '1.8.3',
328 silly addNameRange     '1.8.4',
328 silly addNameRange     '1.8.5',
328 silly addNameRange     '2.0.0',
328 silly addNameRange     '2.0.1',
328 silly addNameRange     '2.0.2',
328 silly addNameRange     '2.0.3',
328 silly addNameRange     '2.0.4',
328 silly addNameRange     '2.1.0',
328 silly addNameRange     '2.1.1',
328 silly addNameRange     '2.1.2',
328 silly addNameRange     '2.1.3',
328 silly addNameRange     '2.2.0',
328 silly addNameRange     '2.2.1',
328 silly addNameRange     '2.2.2',
328 silly addNameRange     '2.2.3' ] ]
329 silly addNamed brunch@2.1.3
330 verbose addNamed "2.1.3" is a plain semver version for brunch
331 silly mapToRegistry name brunch
332 silly mapToRegistry using default registry
333 silly mapToRegistry registry https://registry.npmjs.org/
334 silly mapToRegistry uri https://registry.npmjs.org/brunch
335 verbose addRemoteTarball https://registry.npmjs.org/brunch/-/brunch-2.1.3.tgz not in flight; adding
336 verbose addRemoteTarball [ 'https://registry.npmjs.org/brunch/-/brunch-2.1.3.tgz',
336 verbose addRemoteTarball   'f695d23db6dd192e3d01a980fe57d5542a3d89d1' ]
337 info retry fetch attempt 1 at 19:26:11
338 info attempt registry request try #1 at 19:26:11
339 http fetch GET https://registry.npmjs.org/brunch/-/brunch-2.1.3.tgz
340 http fetch 200 https://registry.npmjs.org/uglify-js-brunch/-/uglify-js-brunch-1.7.8.tgz
341 silly fetchAndShaCheck shasum b36dffbcd19cfea27248d34797effef1ae9d3a62
342 verbose addTmpTarball /var/folders/dh/y5jp1n_147ggyx4_z_q1fflr0000gn/T/npm-1731-360e015b/registry.npmjs.org/uglify-js-brunch/-/uglify-js-brunch-1.7.8.tgz not in flight; adding
343 verbose addTmpTarball already have metadata; skipping unpack for uglify-js-brunch@1.7.8
344 verbose correctMkdir /Users/tiagobarreto/.npm correctMkdir not in flight; initializing
345 http fetch 200 https://registry.npmjs.org/brunch/-/brunch-2.1.3.tgz
346 silly fetchAndShaCheck shasum f695d23db6dd192e3d01a980fe57d5542a3d89d1
347 verbose addTmpTarball /var/folders/dh/y5jp1n_147ggyx4_z_q1fflr0000gn/T/npm-1731-360e015b/registry.npmjs.org/brunch/-/brunch-2.1.3.tgz not in flight; adding
348 verbose addTmpTarball already have metadata; skipping unpack for brunch@2.1.3
349 verbose correctMkdir /Users/tiagobarreto/.npm correctMkdir not in flight; initializing
350 silly rollbackFailedOptional Starting
351 silly rollbackFailedOptional Finishing
352 silly runTopLevelLifecycles Starting
353 silly runTopLevelLifecycles Finishing
354 silly install printInstalled
355 verbose stack Error: ENOENT, open '/Users/tiagobarreto/github/simple-crud-phoenix/simple_crud_phoenix/deps/phoenix'
356 verbose cwd /Users/tiagobarreto/github/simple-crud-phoenix/simple_crud_phoenix
357 error Darwin 15.2.0
358 error argv "node" "/usr/local/bin/npm" "install"
359 error node v0.10.13
360 error npm  v3.6.0
361 error path /Users/tiagobarreto/github/simple-crud-phoenix/simple_crud_phoenix/deps/phoenix
362 error code ENOENT
363 error errno 34
364 error enoent ENOENT, open '/Users/tiagobarreto/github/simple-crud-phoenix/simple_crud_phoenix/deps/phoenix'
365 error enoent ENOENT, open '/Users/tiagobarreto/github/simple-crud-phoenix/simple_crud_phoenix/deps/phoenix'
365 error enoent This is most likely not a problem with npm itself
365 error enoent and is related to npm not being able to find a file.
366 verbose exit [ 34, true ]
